<?xml version="1.0" encoding="UTF-8"?>
<!-- Generated by org.testng.reporters.JUnitXMLReporter -->
<testsuite ignored="3" hostname="DESKTOP-BCJC4A0" failures="0" tests="1" name="chromeTest" time="8.266" errors="0" timestamp="2025-03-18T10:41:54 IST">
  <testcase classname="TestScript.LoginTest" name="verifyTheUserIsAbleToLoginUsingValidCredentials" time="2.616"/>
  <testcase classname="TestScript.LoginTest" name="verifyTheUserIsAbleToLoginUsingCorrectUsernameAndWrongPassword" time="0.0">
    <ignored/>
  </testcase> <!-- verifyTheUserIsAbleToLoginUsingCorrectUsernameAndWrongPassword -->
  <testcase classname="TestScript.LoginTest" name="verifyTheUserIsAbleToLoginUsingInCorrectUsernameAndCorrectPassword" time="0.0">
    <ignored/>
  </testcase> <!-- verifyTheUserIsAbleToLoginUsingInCorrectUsernameAndCorrectPassword -->
  <testcase classname="TestScript.LoginTest" name="verifyTheUserIsAbleToLoginUsingInCorrectUsernameAndInCorrectPassword" time="0.0">
    <ignored/>
  </testcase> <!-- verifyTheUserIsAbleToLoginUsingInCorrectUsernameAndInCorrectPassword -->
</testsuite> <!-- chromeTest -->
