<?xml version="1.0" encoding="UTF-8"?>
<testng-results ignored="0" total="2" passed="2" failed="0" skipped="0">
  <reporter-output>
  </reporter-output>
  <suite started-at="2025-03-21T11:25:20 IST" name="Suite" finished-at="2025-03-21T11:25:39 IST" duration-ms="19275">
    <groups>
    </groups>
    <test started-at="2025-03-21T11:25:20 IST" name="Test" finished-at="2025-03-21T11:25:39 IST" duration-ms="19275">
      <class name="TestScript.LoginTest">
        <test-method is-config="true" signature="browserInitilazation(java.lang.String)[pri:0, instance:TestScript.LoginTest@6bbe85a8]" started-at="2025-03-21T11:25:20 IST" name="browserInitilazation" finished-at="2025-03-21T11:25:25 IST" duration-ms="4947" status="PASS">
          <params>
            <param index="0">
              <value>
                <![CDATA[chrome]]>
              </value>
            </param>
          </params>
          <reporter-output>
          </reporter-output>
        </test-method> <!-- browserInitilazation -->
        <test-method signature="verifyTheUserIsAbleToLoginUsingInCorrectUsernameAndCorrectPassword()[pri:0, instance:TestScript.LoginTest@6bbe85a8]" started-at="2025-03-21T11:25:25 IST" name="verifyTheUserIsAbleToLoginUsingInCorrectUsernameAndCorrectPassword" finished-at="2025-03-21T11:25:28 IST" duration-ms="3677" status="PASS">
          <reporter-output>
          </reporter-output>
        </test-method> <!-- verifyTheUserIsAbleToLoginUsingInCorrectUsernameAndCorrectPassword -->
        <test-method is-config="true" signature="browserQuit(org.testng.ITestResult)[pri:0, instance:TestScript.LoginTest@6bbe85a8]" started-at="2025-03-21T11:25:28 IST" name="browserQuit" finished-at="2025-03-21T11:25:29 IST" duration-ms="696" status="PASS">
          <params>
            <param index="0">
              <value>
                <![CDATA[[TestResult name=verifyTheUserIsAbleToLoginUsingInCorrectUsernameAndCorrectPassword status=SUCCESS method=LoginTest.verifyTheUserIsAbleToLoginUsingInCorrectUsernameAndCorrectPassword()[pri:0, instance:TestScript.LoginTest@6bbe85a8] output={null}]]]>
              </value>
            </param>
          </params>
          <reporter-output>
          </reporter-output>
        </test-method> <!-- browserQuit -->
      </class> <!-- TestScript.LoginTest -->
      <class name="TestScript.AdminTest">
        <test-method is-config="true" signature="browserInitilazation(java.lang.String)[pri:0, instance:TestScript.AdminTest@413d1baf]" started-at="2025-03-21T11:25:29 IST" name="browserInitilazation" finished-at="2025-03-21T11:25:32 IST" duration-ms="3273" status="PASS">
          <params>
            <param index="0">
              <value>
                <![CDATA[chrome]]>
              </value>
            </param>
          </params>
          <reporter-output>
          </reporter-output>
        </test-method> <!-- browserInitilazation -->
        <test-method signature="adminuserinfo()[pri:0, instance:TestScript.AdminTest@413d1baf]" started-at="2025-03-21T11:25:32 IST" name="adminuserinfo" finished-at="2025-03-21T11:25:39 IST" duration-ms="6202" status="PASS">
          <reporter-output>
          </reporter-output>
        </test-method> <!-- adminuserinfo -->
        <test-method is-config="true" signature="browserQuit(org.testng.ITestResult)[pri:0, instance:TestScript.AdminTest@413d1baf]" started-at="2025-03-21T11:25:39 IST" name="browserQuit" finished-at="2025-03-21T11:25:39 IST" duration-ms="378" status="PASS">
          <params>
            <param index="0">
              <value>
                <![CDATA[[TestResult name=adminuserinfo status=SUCCESS method=AdminTest.adminuserinfo()[pri:0, instance:TestScript.AdminTest@413d1baf] output={null}]]]>
              </value>
            </param>
          </params>
          <reporter-output>
          </reporter-output>
        </test-method> <!-- browserQuit -->
      </class> <!-- TestScript.AdminTest -->
    </test> <!-- Test -->
  </suite> <!-- Suite -->
</testng-results>
