<?xml version="1.0" encoding="UTF-8"?>
<!-- Generated by org.testng.reporters.JUnitXMLReporter -->
<testsuite ignored="3" hostname="DESKTOP-BCJC4A0" failures="0" tests="1" name="Test1" time="11.876" errors="0" timestamp="2025-03-18T11:07:32 IST">
  <testcase classname="TestScript.LoginTest" name="verifyTheUserIsAbleToLoginUsingValidCredentials" time="5.559"/>
  <testcase classname="TestScript.LoginTest" name="verifyTheUserIsAbleToLoginUsingCorrectUsernameAndWrongPassword" time="0.0">
    <ignored/>
  </testcase> <!-- verifyTheUserIsAbleToLoginUsingCorrectUsernameAndWrongPassword -->
  <testcase classname="TestScript.LoginTest" name="verifyTheUserIsAbleToLoginUsingInCorrectUsernameAndCorrectPassword" time="0.0">
    <ignored/>
  </testcase> <!-- verifyTheUserIsAbleToLoginUsingInCorrectUsernameAndCorrectPassword -->
  <testcase classname="TestScript.LoginTest" name="verifyTheUserIsAbleToLoginUsingInCorrectUsernameAndInCorrectPassword" time="0.0">
    <ignored/>
  </testcase> <!-- verifyTheUserIsAbleToLoginUsingInCorrectUsernameAndInCorrectPassword -->
</testsuite> <!-- Test1 -->
