<?xml version="1.0" encoding="UTF-8"?>
<testng-results ignored="0" total="2" passed="2" failed="0" skipped="0">
  <reporter-output>
  </reporter-output>
  <suite started-at="2025-03-21T10:51:23 IST" name="Suite" finished-at="2025-03-21T10:51:40 IST" duration-ms="17098">
    <groups>
    </groups>
    <test started-at="2025-03-21T10:51:23 IST" name="Test" finished-at="2025-03-21T10:51:40 IST" duration-ms="17098">
      <class name="TestScript.LoginTest">
        <test-method is-config="true" signature="browserInitilazation(java.lang.String)[pri:0, instance:TestScript.LoginTest@1500b2f3]" started-at="2025-03-21T10:51:23 IST" name="browserInitilazation" finished-at="2025-03-21T10:51:28 IST" duration-ms="5159" status="PASS">
          <params>
            <param index="0">
              <value>
                <![CDATA[chrome]]>
              </value>
            </param>
          </params>
          <reporter-output>
          </reporter-output>
        </test-method> <!-- browserInitilazation -->
        <test-method signature="verifyTheUserIsAbleToLoginUsingInCorrectUsernameAndCorrectPassword()[pri:0, instance:TestScript.LoginTest@1500b2f3]" started-at="2025-03-21T10:51:28 IST" name="verifyTheUserIsAbleToLoginUsingInCorrectUsernameAndCorrectPassword" finished-at="2025-03-21T10:51:31 IST" duration-ms="2907" status="PASS">
          <reporter-output>
          </reporter-output>
        </test-method> <!-- verifyTheUserIsAbleToLoginUsingInCorrectUsernameAndCorrectPassword -->
        <test-method is-config="true" signature="browserQuit(org.testng.ITestResult)[pri:0, instance:TestScript.LoginTest@1500b2f3]" started-at="2025-03-21T10:51:31 IST" name="browserQuit" finished-at="2025-03-21T10:51:32 IST" duration-ms="470" status="PASS">
          <params>
            <param index="0">
              <value>
                <![CDATA[[TestResult name=verifyTheUserIsAbleToLoginUsingInCorrectUsernameAndCorrectPassword status=SUCCESS method=LoginTest.verifyTheUserIsAbleToLoginUsingInCorrectUsernameAndCorrectPassword()[pri:0, instance:TestScript.LoginTest@1500b2f3] output={null}]]]>
              </value>
            </param>
          </params>
          <reporter-output>
          </reporter-output>
        </test-method> <!-- browserQuit -->
      </class> <!-- TestScript.LoginTest -->
      <class name="TestScript.AdminTest">
        <test-method is-config="true" signature="browserInitilazation(java.lang.String)[pri:0, instance:TestScript.AdminTest@37313c65]" started-at="2025-03-21T10:51:32 IST" name="browserInitilazation" finished-at="2025-03-21T10:51:35 IST" duration-ms="3265" status="PASS">
          <params>
            <param index="0">
              <value>
                <![CDATA[chrome]]>
              </value>
            </param>
          </params>
          <reporter-output>
          </reporter-output>
        </test-method> <!-- browserInitilazation -->
        <test-method signature="adminuserinfo()[pri:0, instance:TestScript.AdminTest@37313c65]" started-at="2025-03-21T10:51:35 IST" name="adminuserinfo" finished-at="2025-03-21T10:51:40 IST" duration-ms="4920" status="PASS">
          <reporter-output>
          </reporter-output>
        </test-method> <!-- adminuserinfo -->
        <test-method is-config="true" signature="browserQuit(org.testng.ITestResult)[pri:0, instance:TestScript.AdminTest@37313c65]" started-at="2025-03-21T10:51:40 IST" name="browserQuit" finished-at="2025-03-21T10:51:40 IST" duration-ms="244" status="PASS">
          <params>
            <param index="0">
              <value>
                <![CDATA[[TestResult name=adminuserinfo status=SUCCESS method=AdminTest.adminuserinfo()[pri:0, instance:TestScript.AdminTest@37313c65] output={null}]]]>
              </value>
            </param>
          </params>
          <reporter-output>
          </reporter-output>
        </test-method> <!-- browserQuit -->
      </class> <!-- TestScript.AdminTest -->
    </test> <!-- Test -->
  </suite> <!-- Suite -->
</testng-results>
